<?xml version="1.0" encoding="UTF-8"?>
<testsuite xmlns:xsi="http://www.w3.org/2001/XMLSchema-instance" xsi:noNamespaceSchemaLocation="https://maven.apache.org/surefire/maven-surefire-plugin/xsd/surefire-test-report.xsd" name="bgu.spl.mics.MessageBusImplTest" time="0.046" tests="4" errors="0" skipped="0" failures="0">
  <properties>
[...]
</properties>
  <testcase name="Scenario1" classname="bgu.spl.mics.MessageBusImplTest" time="0.043"/>
  <testcase name="Scenario2" classname="bgu.spl.mics.MessageBusImplTest" time="0.001"/>
  <testcase name="Scenario3" classname="bgu.spl.mics.MessageBusImplTest" time="0.001"/>
  <testcase name="Scenario4" classname="bgu.spl.mics.MessageBusImplTest" time="0"/>
</testsuite>